Data inserted for project restaurant. Total records: 228
2024-12-05 00:27:25,434 - INFO - 11111
2024-12-05 00:27:43,787 - INFO - sssssssssssssssssssssaaa
2024-12-05 00:27:43,787 - INFO - 11111
2024-12-05 00:27:45,837 - INFO - sssssssssssssssssssssaaa
2024-12-05 00:27:45,837 - INFO - 11111
2024-12-05 00:27:47,341 - INFO - sssssssssssssssssssssaaa
2024-12-05 00:27:47,341 - INFO - 11111
2024-12-05 00:27:55,432 - INFO - sssssssssssssssssssssaaa
2024-12-05 00:27:55,432 - INFO - 11111
2024-12-05 00:28:17,533 - INFO - 11111
2024-12-05 00:28:21,989 - INFO - ssssssswwwwssssssssssssssaaa
2024-12-05 00:28:21,989 - INFO - 11111
2024-12-05 00:29:59,546 - INFO - ssssssswwwwssssssssssssssaaa
2024-12-05 00:29:59,546 - INFO - 11111
2024-12-05 01:00:21,674 - INFO - Model starts training for project restaurant
2024-12-05 01:00:21,675 - INFO - Model trained successfully for project restaurant. 
2024-12-05 01:00:21,675 - INFO - Data range: 2024-12-04 19:38:27 to 2024-12-05 01:00:21
2024-12-05 01:00:40,937 - INFO - Model starts training for project restaurant
2024-12-05 01:00:40,937 - INFO - Model trained successfully for project restaurant. 
2024-12-05 01:00:40,937 - INFO - Data range: 2024-12-04 19:38:27 to 2024-12-05 01:00:40
2024-12-05 01:00:44,197 - INFO - Model starts training for project restaurant
2024-12-05 01:00:44,197 - INFO - Model trained successfully for project restaurant. 
2024-12-05 01:00:44,197 - INFO - Data range: 2024-12-04 19:38:27 to 2024-12-05 01:00:44
2024-12-05 01:00:46,799 - INFO - Model starts training for project restaurant
2024-12-05 01:00:46,799 - INFO - Model trained successfully for project restaurant. 
2024-12-05 01:00:46,799 - INFO - Data range: 2024-12-04 19:38:27 to 2024-12-05 01:00:46
2024-12-05 01:00:49,321 - INFO - Model starts training for project restaurant
2024-12-05 01:00:49,321 - INFO - Model trained successfully for project restaurant. 
2024-12-05 01:00:49,321 - INFO - Data range: 2024-12-04 19:38:27 to 2024-12-05 01:00:49
2024-12-05 01:00:53,376 - INFO - Model starts training for project restaurant
2024-12-05 01:00:53,376 - INFO - Model trained successfully for project restaurant. 
2024-12-05 01:00:53,376 - INFO - Data range: 2024-12-04 19:38:27 to 2024-12-05 01:00:53
2024-12-05 01:00:57,139 - INFO - Model starts training for project restaurant
2024-12-05 01:00:57,139 - INFO - Model trained successfully for project restaurant. 
2024-12-05 01:00:57,139 - INFO - Data range: 2024-12-04 19:38:27 to 2024-12-05 01:00:57
2024-12-05 01:01:07,087 - INFO - Model starts training for project restaurant
2024-12-05 01:01:07,087 - INFO - Model trained successfully for project restaurant. 
2024-12-05 01:01:07,087 - INFO - Data range: 2024-12-04 19:38:27 to 2024-12-05 01:01:07
